<?xml version="1.0" encoding="UTF-8"?>
<!-- Generated by org.testng.reporters.JUnitReportReporter -->
<testsuite hostname="Nikhil" failures="0" tests="1" name="practice.test.ExtentReport" time="5.987" errors="0" timestamp="30 Jun 2025 09:28:06 GMT" skipped="0">
  <testcase classname="practice.test.ExtentReport" name="createContactTest" time="5.987"/>
</testsuite> <!-- practice.test.ExtentReport -->
