<?xml version="1.0" encoding="UTF-8"?>
<!-- Generated by org.testng.reporters.JUnitReportReporter -->
<testsuite hostname="Nikhil" failures="0" tests="2" name="com.comcast.crm.orgtest.CreateOrganizationTest" time="17.696" errors="0" timestamp="01 Jul 2025 11:26:21 GMT" skipped="0">
  <testcase classname="com.comcast.crm.orgtest.CreateOrganizationTest" name="createOrganizationWithIndustryTest" time="6.904"/>
  <testcase classname="com.comcast.crm.orgtest.CreateOrganizationTest" name="createOrganizationTest" time="10.792"/>
</testsuite> <!-- com.comcast.crm.orgtest.CreateOrganizationTest -->
