<?xml version="1.0" encoding="UTF-8"?>
<!-- Generated by org.testng.reporters.JUnitReportReporter -->
<testsuite hostname="Nikhil" failures="0" tests="3" name="com.comcast.crm.contacttest.SampleReportTest" time="11.294" errors="0" timestamp="28 Jun 2025 08:43:26 GMT" skipped="0">
  <testcase classname="com.comcast.crm.contacttest.SampleReportTest" name="createContactTest" time="5.412"/>
  <testcase classname="com.comcast.crm.contacttest.SampleReportTest" name="createContactTestWithPhone" time="3.001"/>
  <testcase classname="com.comcast.crm.contacttest.SampleReportTest" name="createContactTestWithOrg" time="2.881"/>
</testsuite> <!-- com.comcast.crm.contacttest.SampleReportTest -->
